<?xml version="1.0" encoding="UTF-8"?>
<coverage generated="1708608534533" clover="3.2.0">
  <project timestamp="1708608534533" name="All files">
    <metrics statements="64" coveredstatements="62" conditionals="18" coveredconditionals="17" methods="12" coveredmethods="11" elements="94" coveredelements="90" complexity="0" loc="64" ncloc="64" packages="1" files="1" classes="1"/>
    <file name="app.js" path="C:\Users\dpernar\OneDrive - Infobip Ltd\Desktop\REST exercise\internship-rest-exercise\app.js">
      <metrics statements="64" coveredstatements="62" conditionals="18" coveredconditionals="17" methods="12" coveredmethods="11"/>
      <line num="1" count="1" type="stmt"/>
      <line num="2" count="1" type="stmt"/>
      <line num="3" count="1" type="stmt"/>
      <line num="5" count="1" type="stmt"/>
      <line num="7" count="1" type="stmt"/>
      <line num="13" count="23" type="stmt"/>
      <line num="16" count="23" type="stmt"/>
      <line num="19" count="22" type="cond" truecount="2" falsecount="0"/>
      <line num="23" count="1" type="stmt"/>
      <line num="24" count="0" type="stmt"/>
      <line num="27" count="1" type="stmt"/>
      <line num="28" count="11" type="stmt"/>
      <line num="31" count="1" type="stmt"/>
      <line num="32" count="8" type="stmt"/>
      <line num="34" count="9" type="stmt"/>
      <line num="35" count="8" type="stmt"/>
      <line num="38" count="1" type="stmt"/>
      <line num="39" count="11" type="stmt"/>
      <line num="40" count="11" type="stmt"/>
      <line num="41" count="11" type="stmt"/>
      <line num="42" count="11" type="stmt"/>
      <line num="43" count="11" type="stmt"/>
      <line num="44" count="11" type="stmt"/>
      <line num="45" count="11" type="cond" truecount="2" falsecount="0"/>
      <line num="46" count="9" type="stmt"/>
      <line num="48" count="11" type="cond" truecount="2" falsecount="0"/>
      <line num="49" count="1" type="stmt"/>
      <line num="51" count="10" type="stmt"/>
      <line num="52" count="12" type="cond" truecount="2" falsecount="0"/>
      <line num="53" count="7" type="stmt"/>
      <line num="54" count="7" type="stmt"/>
      <line num="55" count="7" type="stmt"/>
      <line num="56" count="7" type="stmt"/>
      <line num="57" count="7" type="stmt"/>
      <line num="58" count="7" type="stmt"/>
      <line num="61" count="3" type="stmt"/>
      <line num="65" count="1" type="stmt"/>
      <line num="66" count="12" type="stmt"/>
      <line num="67" count="12" type="stmt"/>
      <line num="68" count="12" type="stmt"/>
      <line num="69" count="12" type="stmt"/>
      <line num="70" count="12" type="stmt"/>
      <line num="71" count="12" type="stmt"/>
      <line num="72" count="12" type="cond" truecount="2" falsecount="0"/>
      <line num="73" count="7" type="stmt"/>
      <line num="75" count="11" type="stmt"/>
      <line num="76" count="11" type="cond" truecount="2" falsecount="0"/>
      <line num="77" count="1" type="stmt"/>
      <line num="79" count="10" type="stmt"/>
      <line num="80" count="30" type="cond" truecount="2" falsecount="0"/>
      <line num="81" count="1" type="stmt"/>
      <line num="82" count="1" type="stmt"/>
      <line num="85" count="10" type="cond" truecount="2" falsecount="0"/>
      <line num="86" count="9" type="stmt"/>
      <line num="87" count="9" type="stmt"/>
      <line num="91" count="1" type="stmt"/>
      <line num="92" count="4" type="stmt"/>
      <line num="94" count="4" type="cond" truecount="1" falsecount="1"/>
      <line num="95" count="0" type="stmt"/>
      <line num="97" count="6" type="stmt"/>
      <line num="99" count="4" type="stmt"/>
      <line num="103" count="1" type="stmt"/>
      <line num="104" count="1" type="stmt"/>
      <line num="107" count="1" type="stmt"/>
    </file>
  </project>
</coverage>
