{"C:\\Users\\dpernar\\OneDrive - Infobip Ltd\\Desktop\\REST exercise\\internship-rest-exercise\\app.js": {"path":"C:\\Users\\dpernar\\OneDrive - Infobip Ltd\\Desktop\\REST exercise\\internship-rest-exercise\\app.js","statementMap":{"0":{"start":{"line":1,"column":16},"end":{"line":1,"column":34}},"1":{"start":{"line":2,"column":13},"end":{"line":2,"column":17}},"2":{"start":{"line":3,"column":12},"end":{"line":3,"column":21}},"3":{"start":{"line":5,"column":0},"end":{"line":5,"column":24}},"4":{"start":{"line":7,"column":12},"end":{"line":9,"column":1}},"5":{"start":{"line":13,"column":22},"end":{"line":13,"column":45}},"6":{"start":{"line":16,"column":23},"end":{"line":16,"column":39}},"7":{"start":{"line":19,"column":4},"end":{"line":19,"column":39}},"8":{"start":{"line":23,"column":0},"end":{"line":25,"column":2}},"9":{"start":{"line":24,"column":4},"end":{"line":24,"column":56}},"10":{"start":{"line":27,"column":0},"end":{"line":29,"column":2}},"11":{"start":{"line":28,"column":4},"end":{"line":28,"column":32}},"12":{"start":{"line":31,"column":0},"end":{"line":36,"column":2}},"13":{"start":{"line":32,"column":21},"end":{"line":32,"column":34}},"14":{"start":{"line":34,"column":4},"end":{"line":34,"column":56}},"15":{"start":{"line":34,"column":35},"end":{"line":34,"column":54}},"16":{"start":{"line":35,"column":4},"end":{"line":35,"column":34}},"17":{"start":{"line":38,"column":0},"end":{"line":63,"column":2}},"18":{"start":{"line":39,"column":21},"end":{"line":39,"column":34}},"19":{"start":{"line":40,"column":22},"end":{"line":40,"column":37}},"20":{"start":{"line":41,"column":27},"end":{"line":41,"column":47}},"21":{"start":{"line":42,"column":21},"end":{"line":42,"column":35}},"22":{"start":{"line":43,"column":20},"end":{"line":43,"column":33}},"23":{"start":{"line":44,"column":26},"end":{"line":44,"column":45}},"24":{"start":{"line":45,"column":4},"end":{"line":47,"column":5}},"25":{"start":{"line":46,"column":8},"end":{"line":46,"column":63}},"26":{"start":{"line":48,"column":4},"end":{"line":62,"column":5}},"27":{"start":{"line":49,"column":8},"end":{"line":49,"column":66}},"28":{"start":{"line":51,"column":8},"end":{"line":60,"column":11}},"29":{"start":{"line":52,"column":12},"end":{"line":59,"column":13}},"30":{"start":{"line":53,"column":16},"end":{"line":53,"column":40}},"31":{"start":{"line":54,"column":16},"end":{"line":54,"column":50}},"32":{"start":{"line":55,"column":16},"end":{"line":55,"column":38}},"33":{"start":{"line":56,"column":16},"end":{"line":56,"column":36}},"34":{"start":{"line":57,"column":16},"end":{"line":57,"column":48}},"35":{"start":{"line":58,"column":16},"end":{"line":58,"column":44}},"36":{"start":{"line":61,"column":8},"end":{"line":61,"column":61}},"37":{"start":{"line":65,"column":0},"end":{"line":89,"column":2}},"38":{"start":{"line":66,"column":24},"end":{"line":66,"column":40}},"39":{"start":{"line":67,"column":22},"end":{"line":67,"column":37}},"40":{"start":{"line":68,"column":27},"end":{"line":68,"column":47}},"41":{"start":{"line":69,"column":21},"end":{"line":69,"column":35}},"42":{"start":{"line":70,"column":20},"end":{"line":70,"column":33}},"43":{"start":{"line":71,"column":26},"end":{"line":71,"column":45}},"44":{"start":{"line":72,"column":4},"end":{"line":74,"column":5}},"45":{"start":{"line":73,"column":8},"end":{"line":73,"column":63}},"46":{"start":{"line":75,"column":17},"end":{"line":75,"column":18}},"47":{"start":{"line":76,"column":4},"end":{"line":78,"column":5}},"48":{"start":{"line":77,"column":8},"end":{"line":77,"column":66}},"49":{"start":{"line":79,"column":4},"end":{"line":84,"column":7}},"50":{"start":{"line":80,"column":8},"end":{"line":83,"column":9}},"51":{"start":{"line":81,"column":12},"end":{"line":81,"column":23}},"52":{"start":{"line":82,"column":12},"end":{"line":82,"column":74}},"53":{"start":{"line":85,"column":4},"end":{"line":88,"column":5}},"54":{"start":{"line":86,"column":8},"end":{"line":86,"column":147}},"55":{"start":{"line":87,"column":8},"end":{"line":87,"column":36}},"56":{"start":{"line":91,"column":0},"end":{"line":100,"column":2}},"57":{"start":{"line":92,"column":21},"end":{"line":92,"column":34}},"58":{"start":{"line":94,"column":4},"end":{"line":98,"column":5}},"59":{"start":{"line":95,"column":8},"end":{"line":95,"column":58}},"60":{"start":{"line":97,"column":8},"end":{"line":97,"column":58}},"61":{"start":{"line":97,"column":37},"end":{"line":97,"column":56}},"62":{"start":{"line":99,"column":4},"end":{"line":99,"column":32}},"63":{"start":{"line":103,"column":15},"end":{"line":105,"column":2}},"64":{"start":{"line":104,"column":4},"end":{"line":104,"column":49}},"65":{"start":{"line":107,"column":0},"end":{"line":107,"column":24}}},"fnMap":{"0":{"name":"isValidString","decl":{"start":{"line":11,"column":9},"end":{"line":11,"column":22}},"loc":{"start":{"line":11,"column":28},"end":{"line":20,"column":3}},"line":11},"1":{"name":"(anonymous_1)","decl":{"start":{"line":23,"column":13},"end":{"line":23,"column":14}},"loc":{"start":{"line":23,"column":27},"end":{"line":25,"column":1}},"line":23},"2":{"name":"(anonymous_2)","decl":{"start":{"line":27,"column":24},"end":{"line":27,"column":25}},"loc":{"start":{"line":27,"column":38},"end":{"line":29,"column":1}},"line":27},"3":{"name":"(anonymous_3)","decl":{"start":{"line":31,"column":28},"end":{"line":31,"column":29}},"loc":{"start":{"line":31,"column":42},"end":{"line":36,"column":1}},"line":31},"4":{"name":"(anonymous_4)","decl":{"start":{"line":34,"column":27},"end":{"line":34,"column":28}},"loc":{"start":{"line":34,"column":35},"end":{"line":34,"column":54}},"line":34},"5":{"name":"(anonymous_5)","decl":{"start":{"line":38,"column":28},"end":{"line":38,"column":29}},"loc":{"start":{"line":38,"column":42},"end":{"line":63,"column":1}},"line":38},"6":{"name":"(anonymous_6)","decl":{"start":{"line":51,"column":22},"end":{"line":51,"column":23}},"loc":{"start":{"line":51,"column":30},"end":{"line":60,"column":9}},"line":51},"7":{"name":"(anonymous_7)","decl":{"start":{"line":65,"column":25},"end":{"line":65,"column":26}},"loc":{"start":{"line":65,"column":39},"end":{"line":89,"column":1}},"line":65},"8":{"name":"(anonymous_8)","decl":{"start":{"line":79,"column":18},"end":{"line":79,"column":19}},"loc":{"start":{"line":79,"column":26},"end":{"line":84,"column":5}},"line":79},"9":{"name":"(anonymous_9)","decl":{"start":{"line":91,"column":31},"end":{"line":91,"column":32}},"loc":{"start":{"line":91,"column":45},"end":{"line":100,"column":1}},"line":91},"10":{"name":"(anonymous_10)","decl":{"start":{"line":97,"column":29},"end":{"line":97,"column":30}},"loc":{"start":{"line":97,"column":37},"end":{"line":97,"column":56}},"line":97},"11":{"name":"(anonymous_11)","decl":{"start":{"line":103,"column":32},"end":{"line":103,"column":33}},"loc":{"start":{"line":103,"column":38},"end":{"line":105,"column":1}},"line":103}},"branchMap":{"0":{"loc":{"start":{"line":19,"column":11},"end":{"line":19,"column":38}},"type":"binary-expr","locations":[{"start":{"line":19,"column":11},"end":{"line":19,"column":22}},{"start":{"line":19,"column":26},"end":{"line":19,"column":38}}],"line":19},"1":{"loc":{"start":{"line":45,"column":4},"end":{"line":47,"column":5}},"type":"if","locations":[{"start":{"line":45,"column":4},"end":{"line":47,"column":5}},{"start":{},"end":{}}],"line":45},"2":{"loc":{"start":{"line":48,"column":4},"end":{"line":62,"column":5}},"type":"if","locations":[{"start":{"line":48,"column":4},"end":{"line":62,"column":5}},{"start":{"line":50,"column":11},"end":{"line":62,"column":5}}],"line":48},"3":{"loc":{"start":{"line":52,"column":12},"end":{"line":59,"column":13}},"type":"if","locations":[{"start":{"line":52,"column":12},"end":{"line":59,"column":13}},{"start":{},"end":{}}],"line":52},"4":{"loc":{"start":{"line":72,"column":4},"end":{"line":74,"column":5}},"type":"if","locations":[{"start":{"line":72,"column":4},"end":{"line":74,"column":5}},{"start":{},"end":{}}],"line":72},"5":{"loc":{"start":{"line":76,"column":4},"end":{"line":78,"column":5}},"type":"if","locations":[{"start":{"line":76,"column":4},"end":{"line":78,"column":5}},{"start":{},"end":{}}],"line":76},"6":{"loc":{"start":{"line":80,"column":8},"end":{"line":83,"column":9}},"type":"if","locations":[{"start":{"line":80,"column":8},"end":{"line":83,"column":9}},{"start":{},"end":{}}],"line":80},"7":{"loc":{"start":{"line":85,"column":4},"end":{"line":88,"column":5}},"type":"if","locations":[{"start":{"line":85,"column":4},"end":{"line":88,"column":5}},{"start":{},"end":{}}],"line":85},"8":{"loc":{"start":{"line":94,"column":4},"end":{"line":98,"column":5}},"type":"if","locations":[{"start":{"line":94,"column":4},"end":{"line":98,"column":5}},{"start":{"line":96,"column":11},"end":{"line":98,"column":5}}],"line":94}},"s":{"0":1,"1":1,"2":1,"3":1,"4":1,"5":23,"6":23,"7":22,"8":1,"9":0,"10":1,"11":11,"12":1,"13":8,"14":8,"15":9,"16":8,"17":1,"18":11,"19":11,"20":11,"21":11,"22":11,"23":11,"24":11,"25":9,"26":11,"27":1,"28":10,"29":12,"30":7,"31":7,"32":7,"33":7,"34":7,"35":7,"36":3,"37":1,"38":12,"39":12,"40":12,"41":12,"42":12,"43":12,"44":12,"45":7,"46":11,"47":11,"48":1,"49":10,"50":30,"51":1,"52":1,"53":10,"54":9,"55":9,"56":1,"57":4,"58":4,"59":0,"60":4,"61":6,"62":4,"63":1,"64":1,"65":1},"f":{"0":23,"1":0,"2":11,"3":8,"4":9,"5":11,"6":12,"7":12,"8":30,"9":4,"10":6,"11":1},"b":{"0":[22,8],"1":[9,2],"2":[1,10],"3":[7,5],"4":[7,4],"5":[1,10],"6":[1,29],"7":[9,1],"8":[0,4]},"_coverageSchema":"1a1c01bbd47fc00a2c39e90264f33305004495a9","hash":"0125686a33eefa423580c62983ed2065a04739af"}
}
