TN:
SF:app.js
FN:11,isValidString
FN:23,(anonymous_1)
FN:27,(anonymous_2)
FN:31,(anonymous_3)
FN:34,(anonymous_4)
FN:38,(anonymous_5)
FN:51,(anonymous_6)
FN:65,(anonymous_7)
FN:79,(anonymous_8)
FN:91,(anonymous_9)
FN:97,(anonymous_10)
FN:103,(anonymous_11)
FNF:12
FNH:11
FNDA:23,isValidString
FNDA:0,(anonymous_1)
FNDA:11,(anonymous_2)
FNDA:8,(anonymous_3)
FNDA:9,(anonymous_4)
FNDA:11,(anonymous_5)
FNDA:12,(anonymous_6)
FNDA:12,(anonymous_7)
FNDA:30,(anonymous_8)
FNDA:4,(anonymous_9)
FNDA:6,(anonymous_10)
FNDA:1,(anonymous_11)
DA:1,1
DA:2,1
DA:3,1
DA:5,1
DA:7,1
DA:13,23
DA:16,23
DA:19,22
DA:23,1
DA:24,0
DA:27,1
DA:28,11
DA:31,1
DA:32,8
DA:34,9
DA:35,8
DA:38,1
DA:39,11
DA:40,11
DA:41,11
DA:42,11
DA:43,11
DA:44,11
DA:45,11
DA:46,9
DA:48,11
DA:49,1
DA:51,10
DA:52,12
DA:53,7
DA:54,7
DA:55,7
DA:56,7
DA:57,7
DA:58,7
DA:61,3
DA:65,1
DA:66,12
DA:67,12
DA:68,12
DA:69,12
DA:70,12
DA:71,12
DA:72,12
DA:73,7
DA:75,11
DA:76,11
DA:77,1
DA:79,10
DA:80,30
DA:81,1
DA:82,1
DA:85,10
DA:86,9
DA:87,9
DA:91,1
DA:92,4
DA:94,4
DA:95,0
DA:97,6
DA:99,4
DA:103,1
DA:104,1
DA:107,1
LF:64
LH:62
BRDA:19,0,0,22
BRDA:19,0,1,8
BRDA:45,1,0,9
BRDA:45,1,1,2
BRDA:48,2,0,1
BRDA:48,2,1,10
BRDA:52,3,0,7
BRDA:52,3,1,5
BRDA:72,4,0,7
BRDA:72,4,1,4
BRDA:76,5,0,1
BRDA:76,5,1,10
BRDA:80,6,0,1
BRDA:80,6,1,29
BRDA:85,7,0,9
BRDA:85,7,1,1
BRDA:94,8,0,0
BRDA:94,8,1,4
BRF:18
BRH:17
end_of_record
